880136086
355544472
98570964
863156400
741870018
478575896
493806965
861100412
315934172
3702596
924365068
965154649
249924659
133752310
650124646
546546714
971238780
354078926
878972285
729577771
856340996
145253921
157211436
458142885
974560653
763114518
632827374
722161043
334780215
94861395
626562991
171344659
287180574
530205666
832762582
373296046
512647547
770597637
107949692
984852346
989358557
11131638
861556584
714125099
236478307
739114556
513169056
559873316
279551614
288945839
62046455
400088445
943188800
654682270
462266637
345145690
992945182
154040059
489169244
553132930
612508957
670349906
615276956
127561947
812843414
666552326
321693057
416299578
164446461
338495117
185692179
763914048
528845462
55495103
496793851
306705135
44118021
670295370
911507395
694622093
139415780
193225314
303727800
320579101
312783006
500401724
490513311
278358529
695437468
847114765
15157920
274256800
589024459
531911098
282065456
55633349
688195124
785199475
487313048
132196700
626248243
911342837
488821960
326171785
385569081
135781391
338669329
367445516
847122129
956071027
100508451
194877548
990599875
455658546
401482970
904841619
498698622
314016055
815560844
476488004
715460915
577982961
776468989
506984963
235023270
147160246
848999765
372717395
857338526
100942020
500165425
693110249
171291995
967160167
550363667
987783940
250832707
30684774
639102528
500215010
478324091
746216843
748914844
786967878
954856038
880136086
611250850
285516306
930004744
565090288
358261962
950850770
18024786
103846726
180303238
533398906
87104316
130530927
472670333
247287464
845748978
971943339
437414983
760120973
772869387
23332572
119599311
670846942
509962145
45395569
226345888
946925060
392180820
877763751
834589851
698154584
801696739
518632028
334736716
537933762
363203158
824609334
254681800
8999267
526793723
454078826
83412561
302303055
134902337
598772445
831096899
411345460
762681207
888662072
534156897
310731522
469354821
316495523
121043151
