385569081
977286573
34442080
510842826
396405848
243118726
58082347
339093724
790141944
76808049
714860173
585787877
681263693
734442618
110031565
9125541
502837328
165636793
625584859
730084715
797416600
582201401
315001867
702882922
91285619
532042648
762685254
190245018
593424862
568941157
921913923
386638644
808791961
947706317
967199034
245404657
195221572
444429563
482561106
505771179
101436220
184851994
234215029
406460622
809071093
807182178
59760809
750010689
547825953
129218895
520918806
674809415
130717746
734753058
226481936
446156210
301205236
675004332
567690151
611821444
741201474
624541112
445633403
444526783
108099739
311167566
708855217
298706268
709152407
364124775
768320316
516433957
743113018
261064772
621419503
66823463
949551102
761809999
266151895
541903142
441890221
547795435
635060018
520918806
889958812
442138513
262127440
82318697
870331434
594408924
389411834
690327761
668802829
355455964
645094139
371246148
185484539
295194533
478161047
467990947
565764099
459248352
952750797
178431214
64296409
340818706
481305832
692549221
188100219
816680523
464810813
274475113
138886275
881967143
116397747
668560467
582275738
197846991
314034097
365361283
140315017
986869919
584062154
157211436
712357144
677411510
344402397
126080902
281400743
395826598
816633410
413002374
46608414
513870744
231257713
734915740
713044687
771549092
817680741
710789928
546696547
561744713
841420166
197969986
782437513
838703616
858012267
330977801
972270094
839166575
375089168
89080045
111594054
587770936
937009538
666948112
302169691
841435970
423551610
545343518
779177730
119205022
249992538
623018918
553883505
408804295
443147720
487283138
761262927
599223052
194685088
195248047
